[1winuhkl.top/index.html]
[backblue.gif]
[fade.gif]
[index.html]
[1winuhkl.top/icons-20c6a7f175d3474d6cb9fefdacb7308f/apple-touch-icon-57x57.png]
[1winuhkl.top/icons-20c6a7f175d3474d6cb9fefdacb7308f/apple-touch-icon-60x60.png]
[1winuhkl.top/icons-20c6a7f175d3474d6cb9fefdacb7308f/apple-touch-icon-72x72.png]
[1winuhkl.top/icons-20c6a7f175d3474d6cb9fefdacb7308f/apple-touch-icon-76x76.png]
[1winuhkl.top/icons-20c6a7f175d3474d6cb9fefdacb7308f/apple-touch-icon-114x114.png]
[1winuhkl.top/icons-20c6a7f175d3474d6cb9fefdacb7308f/apple-touch-icon-120x120.png]
[1winuhkl.top/icons-20c6a7f175d3474d6cb9fefdacb7308f/apple-touch-icon-144x144.png]
[1winuhkl.top/icons-20c6a7f175d3474d6cb9fefdacb7308f/apple-touch-icon-152x152.png]
[1winuhkl.top/icons-20c6a7f175d3474d6cb9fefdacb7308f/apple-touch-icon-180x180.png]
[1winuhkl.top/icons-20c6a7f175d3474d6cb9fefdacb7308f/favicon-32x32.png]
[1winuhkl.top/icons-20c6a7f175d3474d6cb9fefdacb7308f/favicon-16x16.png]
[1winuhkl.top/icons-20c6a7f175d3474d6cb9fefdacb7308f/favicon.ico]
[1winuhkl.top/icons-20c6a7f175d3474d6cb9fefdacb7308f/apple-touch-startup-image-320x460.png]
[1winuhkl.top/icons-20c6a7f175d3474d6cb9fefdacb7308f/apple-touch-startup-image-640x920.png]
[1winuhkl.top/icons-20c6a7f175d3474d6cb9fefdacb7308f/apple-touch-startup-image-640x1096.png]
[1winuhkl.top/icons-20c6a7f175d3474d6cb9fefdacb7308f/apple-touch-startup-image-750x1294.png]
[1winuhkl.top/icons-20c6a7f175d3474d6cb9fefdacb7308f/apple-touch-startup-image-1182x2208.png]
[1winuhkl.top/icons-20c6a7f175d3474d6cb9fefdacb7308f/apple-touch-startup-image-1242x2148.png]
[1winuhkl.top/icons-20c6a7f175d3474d6cb9fefdacb7308f/apple-touch-startup-image-748x1024.png]
[1winuhkl.top/icons-20c6a7f175d3474d6cb9fefdacb7308f/apple-touch-startup-image-768x1004.png]
[1winuhkl.top/icons-20c6a7f175d3474d6cb9fefdacb7308f/apple-touch-startup-image-1496x2048.png]
[1winuhkl.top/icons-20c6a7f175d3474d6cb9fefdacb7308f/apple-touch-startup-image-1536x2008.png]
[1winuhkl.top/loading-screen.0bb985c89f46a2a8d2ed65e99110cf77.gif]
[1winuhkl.top/main.1e85b38dbeb22daf7fef.js]
[1winuhkl.top/babel.47890c36de519d25c947.js]
[www.google-analytics.com/analytics.js]
[1winuhkl.top/common.85df28994f8714962c2e.js]
[1winuhkl.top/index.html]
[mc.yandex.ru/metrika/watch.js]
[1winuhkl.top/vendor.50dbb2bf9ad764f57a80.js]
